<?xml version="1.0" encoding="UTF-8"?>
<!-- Generated by org.testng.reporters.JUnitXMLReporter -->
<testsuite ignored="0" hostname="AMOL_AKSHAYA" failures="1" tests="4" name="LoginTest" time="47.248" errors="0" timestamp="2025-06-22T13:11:12 IST">
  <testcase classname="com.ui.tests.LoginTest" name="loginExcelTest" time="2.288">
    <skipped/>
  </testcase> <!-- loginExcelTest -->
  <testcase classname="com.ui.tests.LoginTest" name="loginExcelTest" time="2.647">
    <skipped/>
  </testcase> <!-- loginExcelTest -->
  <testcase classname="com.ui.tests.LoginTest" name="loginExcelTest" time="2.528">
    <skipped/>
  </testcase> <!-- loginExcelTest -->
  <testcase classname="com.ui.tests.LoginTest" name="loginExcelTest" time="2.108">
    <failure type="java.lang.AssertionError" message="expected [Amolachari] but found [Amol achari]">
      <![CDATA[java.lang.AssertionError: expected [Amolachari] but found [Amol achari]
at com.ui.tests.LoginTest.loginExcelTest(LoginTest.java:51)
at java.base/java.util.concurrent.Executors$RunnableAdapter.call(Executors.java:539)
at java.base/java.util.concurrent.FutureTask.run(FutureTask.java:264)
at java.base/java.util.concurrent.ThreadPoolExecutor.runWorker(ThreadPoolExecutor.java:1136)
at java.base/java.util.concurrent.ThreadPoolExecutor$Worker.run(ThreadPoolExecutor.java:635)
at java.base/java.lang.Thread.run(Thread.java:840)
... Removed 19 stack frames]]>
    </failure>
  </testcase> <!-- loginExcelTest -->
</testsuite> <!-- LoginTest -->
