<?xml version="1.0" encoding="UTF-8"?>
<testng-results ignored="0" total="3" passed="3" failed="0" skipped="0">
  <reporter-output>
  </reporter-output>
  <suite started-at="2025-06-22T14:25:29 IST" name="Regression Test Suite" finished-at="2025-06-22T14:27:20 IST" duration-ms="110511">
    <groups>
      <group name="sanity">
        <method signature="LoginTest.loginJSONTest(com.ui.pojo.User)[pri:1, instance:com.ui.tests.LoginTest@409c54f]" name="loginJSONTest" class="com.ui.tests.LoginTest"/>
        <method signature="LoginTest.loginCSV_Test(com.ui.pojo.User)[pri:2, instance:com.ui.tests.LoginTest@409c54f]" name="loginCSV_Test" class="com.ui.tests.LoginTest"/>
        <method signature="LoginTest.loginExcelTest(com.ui.pojo.User)[pri:3, instance:com.ui.tests.LoginTest@409c54f]" name="loginExcelTest" class="com.ui.tests.LoginTest"/>
      </group> <!-- sanity -->
      <group name="e2e">
        <method signature="LoginTest.loginJSONTest(com.ui.pojo.User)[pri:1, instance:com.ui.tests.LoginTest@409c54f]" name="loginJSONTest" class="com.ui.tests.LoginTest"/>
        <method signature="LoginTest.loginCSV_Test(com.ui.pojo.User)[pri:2, instance:com.ui.tests.LoginTest@409c54f]" name="loginCSV_Test" class="com.ui.tests.LoginTest"/>
        <method signature="LoginTest.loginExcelTest(com.ui.pojo.User)[pri:3, instance:com.ui.tests.LoginTest@409c54f]" name="loginExcelTest" class="com.ui.tests.LoginTest"/>
      </group> <!-- e2e -->
    </groups>
    <test started-at="2025-06-22T14:25:29 IST" name="LoginTest" finished-at="2025-06-22T14:27:20 IST" duration-ms="110511">
      <class name="com.ui.tests.LoginTest">
        <test-method is-config="true" signature="setUp(java.lang.String,boolean,boolean,org.testng.ITestResult)[pri:0, instance:com.ui.tests.LoginTest@409c54f]" started-at="2025-06-22T14:25:30 IST" name="setUp" finished-at="2025-06-22T14:25:59 IST" duration-ms="29890" status="PASS">
          <params>
            <param index="0">
              <value>
                <![CDATA[edge]]>
              </value>
            </param>
            <param index="1">
              <value>
                <![CDATA[true]]>
              </value>
            </param>
            <param index="2">
              <value>
                <![CDATA[true]]>
              </value>
            </param>
            <param index="3">
              <value>
                <![CDATA[[TestResult name={null} status=CREATED method=LoginTest.loginJSONTest(com.ui.pojo.User)[pri:1, instance:com.ui.tests.LoginTest@409c54f] output={null}]]]>
              </value>
            </param>
          </params>
          <reporter-output>
          </reporter-output>
        </test-method> <!-- setUp -->
        <test-method signature="loginJSONTest(com.ui.pojo.User)[pri:1, instance:com.ui.tests.LoginTest@409c54f]" started-at="2025-06-22T14:25:59 IST" name="loginJSONTest" description="validate login functionality" data-provider="loginJSON_DataProvider" finished-at="2025-06-22T14:26:06 IST" duration-ms="6159" status="PASS">
          <params>
            <param index="0">
              <value>
                <![CDATA[User [emailAddress=yotaya5807@jeanssi.com, Password=Password]]]>
              </value>
            </param>
          </params>
          <reporter-output>
          </reporter-output>
        </test-method> <!-- loginJSONTest -->
        <test-method is-config="true" signature="tearDown()[pri:0, instance:com.ui.tests.LoginTest@409c54f]" started-at="2025-06-22T14:26:06 IST" name="tearDown" finished-at="2025-06-22T14:26:07 IST" duration-ms="860" status="PASS">
          <reporter-output>
          </reporter-output>
        </test-method> <!-- tearDown -->
        <test-method is-config="true" signature="setUp(java.lang.String,boolean,boolean,org.testng.ITestResult)[pri:0, instance:com.ui.tests.LoginTest@409c54f]" started-at="2025-06-22T14:26:07 IST" name="setUp" finished-at="2025-06-22T14:26:38 IST" duration-ms="31736" status="PASS">
          <params>
            <param index="0">
              <value>
                <![CDATA[edge]]>
              </value>
            </param>
            <param index="1">
              <value>
                <![CDATA[true]]>
              </value>
            </param>
            <param index="2">
              <value>
                <![CDATA[true]]>
              </value>
            </param>
            <param index="3">
              <value>
                <![CDATA[[TestResult name={null} status=CREATED method=LoginTest.loginCSV_Test(com.ui.pojo.User)[pri:2, instance:com.ui.tests.LoginTest@409c54f] output={null}]]]>
              </value>
            </param>
          </params>
          <reporter-output>
          </reporter-output>
        </test-method> <!-- setUp -->
        <test-method signature="loginCSV_Test(com.ui.pojo.User)[pri:2, instance:com.ui.tests.LoginTest@409c54f]" started-at="2025-06-22T14:26:38 IST" name="loginCSV_Test" description="validate login functionality" data-provider="loginCSV_DataProvider" finished-at="2025-06-22T14:26:44 IST" duration-ms="5639" status="PASS">
          <params>
            <param index="0">
              <value>
                <![CDATA[User [emailAddress=yotaya5807@jeanssi.com, Password=Password]]]>
              </value>
            </param>
          </params>
          <reporter-output>
          </reporter-output>
        </test-method> <!-- loginCSV_Test -->
        <test-method is-config="true" signature="tearDown()[pri:0, instance:com.ui.tests.LoginTest@409c54f]" started-at="2025-06-22T14:26:44 IST" name="tearDown" finished-at="2025-06-22T14:26:45 IST" duration-ms="792" status="PASS">
          <reporter-output>
          </reporter-output>
        </test-method> <!-- tearDown -->
        <test-method is-config="true" signature="setUp(java.lang.String,boolean,boolean,org.testng.ITestResult)[pri:0, instance:com.ui.tests.LoginTest@409c54f]" started-at="2025-06-22T14:26:46 IST" name="setUp" finished-at="2025-06-22T14:27:16 IST" duration-ms="29985" status="PASS">
          <params>
            <param index="0">
              <value>
                <![CDATA[edge]]>
              </value>
            </param>
            <param index="1">
              <value>
                <![CDATA[true]]>
              </value>
            </param>
            <param index="2">
              <value>
                <![CDATA[true]]>
              </value>
            </param>
            <param index="3">
              <value>
                <![CDATA[[TestResult name={null} status=CREATED method=LoginTest.loginExcelTest(com.ui.pojo.User)[pri:3, instance:com.ui.tests.LoginTest@409c54f] output={null}]]]>
              </value>
            </param>
          </params>
          <reporter-output>
          </reporter-output>
        </test-method> <!-- setUp -->
        <test-method signature="loginExcelTest(com.ui.pojo.User)[pri:3, instance:com.ui.tests.LoginTest@409c54f]" started-at="2025-06-22T14:27:16 IST" name="loginExcelTest" description="validate login functionality" data-provider="loginExelDataProvider" finished-at="2025-06-22T14:27:19 IST" duration-ms="3591" status="PASS">
          <params>
            <param index="0">
              <value>
                <![CDATA[User [emailAddress=yotaya5807@jeanssi.com, Password=Password]]]>
              </value>
            </param>
          </params>
          <reporter-output>
          </reporter-output>
        </test-method> <!-- loginExcelTest -->
        <test-method is-config="true" signature="tearDown()[pri:0, instance:com.ui.tests.LoginTest@409c54f]" started-at="2025-06-22T14:27:19 IST" name="tearDown" finished-at="2025-06-22T14:27:20 IST" duration-ms="801" status="PASS">
          <reporter-output>
          </reporter-output>
        </test-method> <!-- tearDown -->
      </class> <!-- com.ui.tests.LoginTest -->
    </test> <!-- LoginTest -->
  </suite> <!-- Regression Test Suite -->
</testng-results>
