<?xml version="1.0" encoding="UTF-8"?>
<testng-results ignored="0" total="3" passed="3" failed="0" skipped="0">
  <reporter-output>
  </reporter-output>
  <suite started-at="2025-06-22T18:09:14 IST" name="Regression Test Suite" finished-at="2025-06-22T18:10:27 IST" duration-ms="72254">
    <groups>
      <group name="sanity">
        <method signature="LoginTest.loginJSONTest(com.ui.pojo.User)[pri:1, instance:com.ui.tests.LoginTest@6c0d7c83]" name="loginJSONTest" class="com.ui.tests.LoginTest"/>
        <method signature="LoginTest.loginCSV_Test(com.ui.pojo.User)[pri:2, instance:com.ui.tests.LoginTest@6c0d7c83]" name="loginCSV_Test" class="com.ui.tests.LoginTest"/>
        <method signature="LoginTest.loginExcelTest(com.ui.pojo.User)[pri:3, instance:com.ui.tests.LoginTest@6c0d7c83]" name="loginExcelTest" class="com.ui.tests.LoginTest"/>
      </group> <!-- sanity -->
      <group name="e2e">
        <method signature="LoginTest.loginJSONTest(com.ui.pojo.User)[pri:1, instance:com.ui.tests.LoginTest@6c0d7c83]" name="loginJSONTest" class="com.ui.tests.LoginTest"/>
        <method signature="LoginTest.loginCSV_Test(com.ui.pojo.User)[pri:2, instance:com.ui.tests.LoginTest@6c0d7c83]" name="loginCSV_Test" class="com.ui.tests.LoginTest"/>
        <method signature="LoginTest.loginExcelTest(com.ui.pojo.User)[pri:3, instance:com.ui.tests.LoginTest@6c0d7c83]" name="loginExcelTest" class="com.ui.tests.LoginTest"/>
      </group> <!-- e2e -->
    </groups>
    <test started-at="2025-06-22T18:09:14 IST" name="LoginTest" finished-at="2025-06-22T18:10:27 IST" duration-ms="72254">
      <class name="com.ui.tests.LoginTest">
        <test-method is-config="true" signature="setUp(java.lang.String,boolean,boolean,org.testng.ITestResult)[pri:0, instance:com.ui.tests.LoginTest@6c0d7c83]" started-at="2025-06-22T18:09:15 IST" name="setUp" finished-at="2025-06-22T18:09:31 IST" duration-ms="15508" status="PASS">
          <params>
            <param index="0">
              <value>
                <![CDATA[chrome]]>
              </value>
            </param>
            <param index="1">
              <value>
                <![CDATA[true]]>
              </value>
            </param>
            <param index="2">
              <value>
                <![CDATA[false]]>
              </value>
            </param>
            <param index="3">
              <value>
                <![CDATA[[TestResult name={null} status=CREATED method=LoginTest.loginJSONTest(com.ui.pojo.User)[pri:1, instance:com.ui.tests.LoginTest@6c0d7c83] output={null}]]]>
              </value>
            </param>
          </params>
          <reporter-output>
          </reporter-output>
        </test-method> <!-- setUp -->
        <test-method signature="loginJSONTest(com.ui.pojo.User)[pri:1, instance:com.ui.tests.LoginTest@6c0d7c83]" started-at="2025-06-22T18:09:31 IST" name="loginJSONTest" description="validate login functionality" data-provider="loginJSON_DataProvider" finished-at="2025-06-22T18:09:34 IST" duration-ms="3131" status="PASS">
          <params>
            <param index="0">
              <value>
                <![CDATA[User [emailAddress=yotaya5807@jeanssi.com, Password=Password]]]>
              </value>
            </param>
          </params>
          <reporter-output>
          </reporter-output>
        </test-method> <!-- loginJSONTest -->
        <test-method is-config="true" signature="tearDown()[pri:0, instance:com.ui.tests.LoginTest@6c0d7c83]" started-at="2025-06-22T18:09:34 IST" name="tearDown" finished-at="2025-06-22T18:09:35 IST" duration-ms="668" status="PASS">
          <reporter-output>
          </reporter-output>
        </test-method> <!-- tearDown -->
        <test-method is-config="true" signature="setUp(java.lang.String,boolean,boolean,org.testng.ITestResult)[pri:0, instance:com.ui.tests.LoginTest@6c0d7c83]" started-at="2025-06-22T18:09:35 IST" name="setUp" finished-at="2025-06-22T18:10:00 IST" duration-ms="25378" status="PASS">
          <params>
            <param index="0">
              <value>
                <![CDATA[chrome]]>
              </value>
            </param>
            <param index="1">
              <value>
                <![CDATA[true]]>
              </value>
            </param>
            <param index="2">
              <value>
                <![CDATA[false]]>
              </value>
            </param>
            <param index="3">
              <value>
                <![CDATA[[TestResult name={null} status=CREATED method=LoginTest.loginCSV_Test(com.ui.pojo.User)[pri:2, instance:com.ui.tests.LoginTest@6c0d7c83] output={null}]]]>
              </value>
            </param>
          </params>
          <reporter-output>
          </reporter-output>
        </test-method> <!-- setUp -->
        <test-method signature="loginCSV_Test(com.ui.pojo.User)[pri:2, instance:com.ui.tests.LoginTest@6c0d7c83]" started-at="2025-06-22T18:10:00 IST" name="loginCSV_Test" description="validate login functionality" data-provider="loginCSV_DataProvider" finished-at="2025-06-22T18:10:05 IST" duration-ms="5110" status="PASS">
          <params>
            <param index="0">
              <value>
                <![CDATA[User [emailAddress=yotaya5807@jeanssi.com, Password=Password]]]>
              </value>
            </param>
          </params>
          <reporter-output>
          </reporter-output>
        </test-method> <!-- loginCSV_Test -->
        <test-method is-config="true" signature="tearDown()[pri:0, instance:com.ui.tests.LoginTest@6c0d7c83]" started-at="2025-06-22T18:10:05 IST" name="tearDown" finished-at="2025-06-22T18:10:06 IST" duration-ms="734" status="PASS">
          <reporter-output>
          </reporter-output>
        </test-method> <!-- tearDown -->
        <test-method is-config="true" signature="setUp(java.lang.String,boolean,boolean,org.testng.ITestResult)[pri:0, instance:com.ui.tests.LoginTest@6c0d7c83]" started-at="2025-06-22T18:10:09 IST" name="setUp" finished-at="2025-06-22T18:10:22 IST" duration-ms="12857" status="PASS">
          <params>
            <param index="0">
              <value>
                <![CDATA[chrome]]>
              </value>
            </param>
            <param index="1">
              <value>
                <![CDATA[true]]>
              </value>
            </param>
            <param index="2">
              <value>
                <![CDATA[false]]>
              </value>
            </param>
            <param index="3">
              <value>
                <![CDATA[[TestResult name={null} status=CREATED method=LoginTest.loginExcelTest(com.ui.pojo.User)[pri:3, instance:com.ui.tests.LoginTest@6c0d7c83] output={null}]]]>
              </value>
            </param>
          </params>
          <reporter-output>
          </reporter-output>
        </test-method> <!-- setUp -->
        <test-method signature="loginExcelTest(com.ui.pojo.User)[pri:3, instance:com.ui.tests.LoginTest@6c0d7c83]" started-at="2025-06-22T18:10:22 IST" name="loginExcelTest" description="validate login functionality" data-provider="loginExelDataProvider" finished-at="2025-06-22T18:10:26 IST" duration-ms="4312" status="PASS">
          <params>
            <param index="0">
              <value>
                <![CDATA[User [emailAddress=yotaya5807@jeanssi.com, Password=Password]]]>
              </value>
            </param>
          </params>
          <reporter-output>
          </reporter-output>
        </test-method> <!-- loginExcelTest -->
        <test-method is-config="true" signature="tearDown()[pri:0, instance:com.ui.tests.LoginTest@6c0d7c83]" started-at="2025-06-22T18:10:26 IST" name="tearDown" finished-at="2025-06-22T18:10:27 IST" duration-ms="737" status="PASS">
          <reporter-output>
          </reporter-output>
        </test-method> <!-- tearDown -->
      </class> <!-- com.ui.tests.LoginTest -->
    </test> <!-- LoginTest -->
  </suite> <!-- Regression Test Suite -->
</testng-results>
