<?xml version="1.0" encoding="UTF-8"?>
<testsuite xmlns:xsi="http://www.w3.org/2001/XMLSchema-instance" xsi:noNamespaceSchemaLocation="https://maven.apache.org/surefire/maven-surefire-plugin/xsd/surefire-test-report.xsd" version="3.0.2" name="TestSuite" time="111.7" tests="3" errors="0" skipped="0" failures="0">
  <properties>
[...]
</properties>
  <testcase name="loginJSONTest[User [emailAddress=yotaya5807@jeanssi.com, Password=Password]](1)" classname="com.ui.tests.LoginTest" time="6.149">
    <system-out><![CDATA[2025-06-22 14:25:29 [main] INFO com.ui.listners.TestListner::onStart::58 Test suite started 
2025-06-22 14:25:57 [main] INFO com.ui.pages.HomePage::goToWebsite::99 Navigating to website =>http://www.automationpractice.pl/index.php? 
2025-06-22 14:26:00 [main] INFO com.ui.listners.TestListner::onTestStart::28 loginJSONTest 
2025-06-22 14:26:00 [main] INFO com.ui.listners.TestListner::onTestStart::29 validate login functionality 
2025-06-22 14:26:00 [main] INFO com.ui.listners.TestListner::onTestStart::30 [e2e, sanity] 
2025-06-22 14:26:00 [main] INFO com.ui.pages.HomePage::clickOn::109 clicking on intended locator : By.xpath: //a[contains(text(),"Sign")] 
2025-06-22 14:26:03 [main] INFO com.ui.pages.LoginPage::enterText::115 entering text[ yotaya5807@jeanssi.com ] into : By.xpath: //*[@id="email"] 
2025-06-22 14:26:04 [main] INFO com.ui.pages.LoginPage::enterText::115 entering text[ Password ] into : By.xpath: //*[@id="passwd"] 
2025-06-22 14:26:04 [main] INFO com.ui.pages.LoginPage::clickOn::109 clicking on intended locator : By.xpath: //span[normalize-space()='Sign in'] 
2025-06-22 14:26:05 [main] INFO com.ui.pages.MyAccountPage::getText::125 get text from locator : By.xpath: //*[contains(text(),'Amol achari')] 
]]></system-out>
    <system-err><![CDATA[SLF4J(W): No SLF4J providers were found.
SLF4J(W): Defaulting to no-operation (NOP) logger implementation
SLF4J(W): See https://www.slf4j.org/codes.html#noProviders for further details.
Jun 22, 2025 2:25:30 PM org.openqa.selenium.remote.tracing.opentelemetry.OpenTelemetryTracer createTracer
INFO: Using OpenTelemetry for tracing
]]></system-err>
  </testcase>
  <testcase name="loginCSV_Test[User [emailAddress=yotaya5807@jeanssi.com, Password=Password]](1)" classname="com.ui.tests.LoginTest" time="5.637">
    <system-out><![CDATA[2025-06-22 14:26:06 [main] INFO com.ui.listners.TestListner::onTestSuccess::35 loginJSONTest	PASSED 
2025-06-22 14:26:34 [main] INFO com.ui.pages.HomePage::goToWebsite::99 Navigating to website =>http://www.automationpractice.pl/index.php? 
2025-06-22 14:26:38 [main] INFO com.ui.listners.TestListner::onTestStart::28 loginCSV_Test 
2025-06-22 14:26:38 [main] INFO com.ui.listners.TestListner::onTestStart::29 validate login functionality 
2025-06-22 14:26:38 [main] INFO com.ui.listners.TestListner::onTestStart::30 [e2e, sanity] 
2025-06-22 14:26:38 [main] INFO com.ui.pages.HomePage::clickOn::109 clicking on intended locator : By.xpath: //a[contains(text(),"Sign")] 
2025-06-22 14:26:40 [main] INFO com.ui.pages.LoginPage::enterText::115 entering text[ yotaya5807@jeanssi.com ] into : By.xpath: //*[@id="email"] 
2025-06-22 14:26:40 [main] INFO com.ui.pages.LoginPage::enterText::115 entering text[ Password ] into : By.xpath: //*[@id="passwd"] 
2025-06-22 14:26:41 [main] INFO com.ui.pages.LoginPage::clickOn::109 clicking on intended locator : By.xpath: //span[normalize-space()='Sign in'] 
2025-06-22 14:26:42 [main] INFO com.ui.pages.MyAccountPage::getText::125 get text from locator : By.xpath: //*[contains(text(),'Amol achari')] 
]]></system-out>
  </testcase>
  <testcase name="loginExcelTest[User [emailAddress=yotaya5807@jeanssi.com, Password=Password]](1)" classname="com.ui.tests.LoginTest" time="3.591">
    <system-out><![CDATA[2025-06-22 14:26:44 [main] INFO com.ui.listners.TestListner::onTestSuccess::35 loginCSV_Test	PASSED 
2025-06-22 14:27:11 [main] INFO com.ui.pages.HomePage::goToWebsite::99 Navigating to website =>http://www.automationpractice.pl/index.php? 
2025-06-22 14:27:16 [main] INFO com.ui.listners.TestListner::onTestStart::28 loginExcelTest 
2025-06-22 14:27:16 [main] INFO com.ui.listners.TestListner::onTestStart::29 validate login functionality 
2025-06-22 14:27:16 [main] INFO com.ui.listners.TestListner::onTestStart::30 [e2e, sanity] 
2025-06-22 14:27:16 [main] INFO com.ui.pages.HomePage::clickOn::109 clicking on intended locator : By.xpath: //a[contains(text(),"Sign")] 
2025-06-22 14:27:17 [main] INFO com.ui.pages.LoginPage::enterText::115 entering text[ yotaya5807@jeanssi.com ] into : By.xpath: //*[@id="email"] 
2025-06-22 14:27:18 [main] INFO com.ui.pages.LoginPage::enterText::115 entering text[ Password ] into : By.xpath: //*[@id="passwd"] 
2025-06-22 14:27:18 [main] INFO com.ui.pages.LoginPage::clickOn::109 clicking on intended locator : By.xpath: //span[normalize-space()='Sign in'] 
2025-06-22 14:27:19 [main] INFO com.ui.pages.MyAccountPage::getText::125 get text from locator : By.xpath: //*[contains(text(),'Amol achari')] 
]]></system-out>
  </testcase>
</testsuite>