<?xml version="1.0" encoding="UTF-8"?>
<testng-results ignored="2" total="4" passed="1" failed="1" skipped="0">
  <reporter-output>
  </reporter-output>
  <suite started-at="2025-06-22T13:45:26 IST" name="Default suite" finished-at="2025-06-22T13:45:45 IST" duration-ms="19501">
    <groups>
      <group name="sanity">
        <method signature="LoginTest.loginCSV_Test(com.ui.pojo.User)[pri:2, instance:com.ui.tests.LoginTest@f478a81]" name="loginCSV_Test" class="com.ui.tests.LoginTest"/>
      </group> <!-- sanity -->
      <group name="e2e">
        <method signature="LoginTest.loginCSV_Test(com.ui.pojo.User)[pri:2, instance:com.ui.tests.LoginTest@f478a81]" name="loginCSV_Test" class="com.ui.tests.LoginTest"/>
      </group> <!-- e2e -->
    </groups>
    <test started-at="2025-06-22T13:45:26 IST" name="Default test" finished-at="2025-06-22T13:45:45 IST" duration-ms="19501">
      <class name="com.ui.tests.LoginTest">
        <test-method is-config="true" signature="setUp(java.lang.String,boolean,boolean,org.testng.ITestResult)[pri:0, instance:com.ui.tests.LoginTest@f478a81]" started-at="2025-06-22T13:45:26 IST" name="setUp" finished-at="2025-06-22T13:45:32 IST" duration-ms="6087" status="PASS">
          <params>
            <param index="0">
              <value>
                <![CDATA[firefox]]>
              </value>
            </param>
            <param index="1">
              <value>
                <![CDATA[false]]>
              </value>
            </param>
            <param index="2">
              <value>
                <![CDATA[false]]>
              </value>
            </param>
            <param index="3">
              <value>
                <![CDATA[[TestResult name={null} status=CREATED method=LoginTest.loginCSV_Test(com.ui.pojo.User)[pri:2, instance:com.ui.tests.LoginTest@f478a81] output={null}]]]>
              </value>
            </param>
          </params>
          <reporter-output>
          </reporter-output>
        </test-method> <!-- setUp -->
        <test-method signature="loginCSV_Test(com.ui.pojo.User)[pri:2, instance:com.ui.tests.LoginTest@f478a81]" started-at="2025-06-22T13:45:32 IST" name="loginCSV_Test" description="validate login functionality" data-provider="loginCSV_DataProvider" finished-at="2025-06-22T13:45:37 IST" duration-ms="4343" status="PASS">
          <params>
            <param index="0">
              <value>
                <![CDATA[User [emailAddress=yotaya5807@jeanssi.com, Password=Password]]]>
              </value>
            </param>
          </params>
          <reporter-output>
          </reporter-output>
        </test-method> <!-- loginCSV_Test -->
        <test-method is-config="true" signature="tearDown()[pri:0, instance:com.ui.tests.LoginTest@f478a81]" started-at="2025-06-22T13:45:37 IST" name="tearDown" finished-at="2025-06-22T13:45:37 IST" duration-ms="743" status="PASS">
          <reporter-output>
          </reporter-output>
        </test-method> <!-- tearDown -->
        <test-method is-config="true" signature="setUp(java.lang.String,boolean,boolean,org.testng.ITestResult)[pri:0, instance:com.ui.tests.LoginTest@f478a81]" started-at="2025-06-22T13:45:37 IST" name="setUp" finished-at="2025-06-22T13:45:43 IST" duration-ms="5690" status="PASS">
          <params>
            <param index="0">
              <value>
                <![CDATA[firefox]]>
              </value>
            </param>
            <param index="1">
              <value>
                <![CDATA[false]]>
              </value>
            </param>
            <param index="2">
              <value>
                <![CDATA[false]]>
              </value>
            </param>
            <param index="3">
              <value>
                <![CDATA[[TestResult name={null} status=CREATED method=LoginTest.loginCSV_Test(com.ui.pojo.User)[pri:2, instance:com.ui.tests.LoginTest@f478a81] output={null}]]]>
              </value>
            </param>
          </params>
          <reporter-output>
          </reporter-output>
        </test-method> <!-- setUp -->
        <test-method signature="loginCSV_Test(com.ui.pojo.User)[pri:2, instance:com.ui.tests.LoginTest@f478a81]" started-at="2025-06-22T13:45:43 IST" name="loginCSV_Test" description="validate login functionality" data-provider="loginCSV_DataProvider" finished-at="2025-06-22T13:45:45 IST" duration-ms="1626" status="FAIL">
          <params>
            <param index="0">
              <value>
                <![CDATA[User [emailAddress=yotaya7@jeansi.com, Password=word]]]>
              </value>
            </param>
          </params>
          <exception class="org.openqa.selenium.NoSuchElementException">
            <message>
              <![CDATA[Unable to locate element: //*[contains(text(),'Amol achari')]
For documentation on this error, please visit: https://www.selenium.dev/documentation/webdriver/troubleshooting/errors#no-such-element-exception
Build info: version: '4.33.0', revision: '2c6aaad03a'
System info: os.name: 'Windows 11', os.arch: 'amd64', os.version: '10.0', java.version: '17.0.11'
Driver info: org.openqa.selenium.firefox.FirefoxDriver
Command: [9f78ecb5-1f35-48eb-b771-0c9476eb6360, findElement {value=//*[contains(text(),'Amol achari')], using=xpath}]
Capabilities {acceptInsecureCerts: true, browserName: firefox, browserVersion: 122.0.1, moz:accessibilityChecks: false, moz:buildID: 20240205133611, moz:geckodriverVersion: 0.35.0, moz:headless: false, moz:platformVersion: 10.0, moz:processID: 18668, moz:profile: C:\Users\amola\AppData\Loca..., moz:shutdownTimeout: 60000, moz:webdriverClick: true, moz:windowless: false, pageLoadStrategy: normal, platformName: windows, proxy: Proxy(), setWindowRect: true, strictFileInteractability: false, timeouts: {implicit: 0, pageLoad: 300000, script: 30000}, unhandledPromptBehavior: dismiss and notify}
Session ID: 9f78ecb5-1f35-48eb-b771-0c9476eb6360]]>
            </message>
            <full-stacktrace>
              <![CDATA[org.openqa.selenium.NoSuchElementException: Unable to locate element: //*[contains(text(),'Amol achari')]
For documentation on this error, please visit: https://www.selenium.dev/documentation/webdriver/troubleshooting/errors#no-such-element-exception
Build info: version: '4.33.0', revision: '2c6aaad03a'
System info: os.name: 'Windows 11', os.arch: 'amd64', os.version: '10.0', java.version: '17.0.11'
Driver info: org.openqa.selenium.firefox.FirefoxDriver
Command: [9f78ecb5-1f35-48eb-b771-0c9476eb6360, findElement {value=//*[contains(text(),'Amol achari')], using=xpath}]
Capabilities {acceptInsecureCerts: true, browserName: firefox, browserVersion: 122.0.1, moz:accessibilityChecks: false, moz:buildID: 20240205133611, moz:geckodriverVersion: 0.35.0, moz:headless: false, moz:platformVersion: 10.0, moz:processID: 18668, moz:profile: C:\Users\amola\AppData\Loca..., moz:shutdownTimeout: 60000, moz:webdriverClick: true, moz:windowless: false, pageLoadStrategy: normal, platformName: windows, proxy: Proxy(), setWindowRect: true, strictFileInteractability: false, timeouts: {implicit: 0, pageLoad: 300000, script: 30000}, unhandledPromptBehavior: dismiss and notify}
Session ID: 9f78ecb5-1f35-48eb-b771-0c9476eb6360
at java.base/jdk.internal.reflect.NativeConstructorAccessorImpl.newInstance0(Native Method)
at java.base/jdk.internal.reflect.NativeConstructorAccessorImpl.newInstance(NativeConstructorAccessorImpl.java:77)
at java.base/jdk.internal.reflect.DelegatingConstructorAccessorImpl.newInstance(DelegatingConstructorAccessorImpl.java:45)
at java.base/java.lang.reflect.Constructor.newInstanceWithCaller(Constructor.java:499)
at java.base/java.lang.reflect.Constructor.newInstance(Constructor.java:480)
at org.openqa.selenium.remote.ErrorCodec.decode(ErrorCodec.java:167)
at org.openqa.selenium.remote.codec.w3c.W3CHttpResponseCodec.decode(W3CHttpResponseCodec.java:138)
at org.openqa.selenium.remote.codec.w3c.W3CHttpResponseCodec.decode(W3CHttpResponseCodec.java:50)
at org.openqa.selenium.remote.HttpCommandExecutor.execute(HttpCommandExecutor.java:215)
at org.openqa.selenium.remote.service.DriverCommandExecutor.invokeExecute(DriverCommandExecutor.java:216)
at org.openqa.selenium.remote.service.DriverCommandExecutor.execute(DriverCommandExecutor.java:174)
at org.openqa.selenium.remote.RemoteWebDriver.execute(RemoteWebDriver.java:544)
at org.openqa.selenium.remote.ElementLocation$ElementFinder$2.findElement(ElementLocation.java:165)
at org.openqa.selenium.remote.ElementLocation.findElement(ElementLocation.java:59)
at org.openqa.selenium.remote.RemoteWebDriver.findElement(RemoteWebDriver.java:367)
at org.openqa.selenium.remote.RemoteWebDriver.findElement(RemoteWebDriver.java:361)
at com.utility.BrowserUtility.getText(BrowserUtility.java:126)
at com.ui.pages.MyAccountPage.getUserName(MyAccountPage.java:17)
at com.ui.tests.LoginTest.loginCSV_Test(LoginTest.java:37)
at java.base/jdk.internal.reflect.NativeMethodAccessorImpl.invoke0(Native Method)
at java.base/jdk.internal.reflect.NativeMethodAccessorImpl.invoke(NativeMethodAccessorImpl.java:77)
at java.base/jdk.internal.reflect.DelegatingMethodAccessorImpl.invoke(DelegatingMethodAccessorImpl.java:43)
at java.base/java.lang.reflect.Method.invoke(Method.java:568)
at org.testng.internal.invokers.MethodInvocationHelper.invokeMethod(MethodInvocationHelper.java:141)
at org.testng.internal.invokers.TestInvoker.invokeMethod(TestInvoker.java:687)
at org.testng.internal.invokers.TestInvoker.invokeTestMethod(TestInvoker.java:230)
at org.testng.internal.invokers.MethodRunner.runInSequence(MethodRunner.java:63)
at org.testng.internal.invokers.TestInvoker$MethodInvocationAgent.invoke(TestInvoker.java:995)
at org.testng.internal.invokers.TestInvoker.invokeTestMethods(TestInvoker.java:203)
at org.testng.internal.invokers.TestMethodWorker.invokeTestMethods(TestMethodWorker.java:154)
at org.testng.internal.invokers.TestMethodWorker.run(TestMethodWorker.java:134)
at java.base/java.util.ArrayList.forEach(ArrayList.java:1511)
at org.testng.TestRunner.privateRun(TestRunner.java:741)
at org.testng.TestRunner.run(TestRunner.java:616)
at org.testng.SuiteRunner.runTest(SuiteRunner.java:421)
at org.testng.SuiteRunner.runSequentially(SuiteRunner.java:413)
at org.testng.SuiteRunner.privateRun(SuiteRunner.java:373)
at org.testng.SuiteRunner.run(SuiteRunner.java:312)
at org.testng.SuiteRunnerWorker.runSuite(SuiteRunnerWorker.java:52)
at org.testng.SuiteRunnerWorker.run(SuiteRunnerWorker.java:95)
at org.testng.TestNG.runSuitesSequentially(TestNG.java:1274)
at org.testng.TestNG.runSuitesLocally(TestNG.java:1208)
at org.testng.TestNG.runSuites(TestNG.java:1112)
at org.testng.TestNG.run(TestNG.java:1079)
at org.testng.remote.AbstractRemoteTestNG.run(AbstractRemoteTestNG.java:115)
at org.testng.remote.RemoteTestNG.initAndRun(RemoteTestNG.java:293)
at org.testng.remote.RemoteTestNG.main(RemoteTestNG.java:91)
]]>
            </full-stacktrace>
          </exception> <!-- org.openqa.selenium.NoSuchElementException -->
          <reporter-output>
          </reporter-output>
        </test-method> <!-- loginCSV_Test -->
        <test-method is-config="true" signature="tearDown()[pri:0, instance:com.ui.tests.LoginTest@f478a81]" started-at="2025-06-22T13:45:45 IST" name="tearDown" finished-at="2025-06-22T13:45:45 IST" duration-ms="724" status="PASS">
          <reporter-output>
          </reporter-output>
        </test-method> <!-- tearDown -->
      </class> <!-- com.ui.tests.LoginTest -->
    </test> <!-- Default test -->
  </suite> <!-- Default suite -->
</testng-results>
