<?xml version="1.0" encoding="UTF-8"?>
<!-- Generated by org.testng.reporters.JUnitXMLReporter -->
<testsuite ignored="0" hostname="AMOL_AKSHAYA" failures="0" tests="3" name="LoginTest" time="110.511" errors="0" timestamp="2025-06-22T14:27:20 IST">
  <testcase classname="com.ui.tests.LoginTest" name="loginJSONTest" time="6.159"/>
  <testcase classname="com.ui.tests.LoginTest" name="loginCSV_Test" time="5.639"/>
  <testcase classname="com.ui.tests.LoginTest" name="loginExcelTest" time="3.591"/>
</testsuite> <!-- LoginTest -->
