<?xml version="1.0" encoding="UTF-8"?>
<!-- Generated by org.testng.reporters.JUnitXMLReporter -->
<testsuite ignored="0" hostname="AMOL_AKSHAYA" failures="1" tests="6" name="LoginTest" time="75.889" errors="0" timestamp="2025-06-22T20:23:35 IST">
  <testcase classname="com.ui.tests.LoginTest" name="loginJSONTest" time="2.432"/>
  <testcase classname="com.ui.tests.LoginTest" name="loginCSV_Test" time="4.574"/>
  <testcase classname="com.ui.tests.LoginTest" name="loginExcelTest" time="2.183">
    <skipped/>
  </testcase> <!-- loginExcelTest -->
  <testcase classname="com.ui.tests.LoginTest" name="loginExcelTest" time="2.54">
    <skipped/>
  </testcase> <!-- loginExcelTest -->
  <testcase classname="com.ui.tests.LoginTest" name="loginExcelTest" time="3.451">
    <skipped/>
  </testcase> <!-- loginExcelTest -->
  <testcase classname="com.ui.tests.LoginTest" name="loginExcelTest" time="2.028">
    <failure type="java.lang.AssertionError" message="expected [Amolachari] but found [Amol achari]">
      <![CDATA[java.lang.AssertionError: expected [Amolachari] but found [Amol achari]
at com.ui.tests.LoginTest.loginExcelTest(LoginTest.java:51)
at java.base/java.util.ArrayList.forEach(ArrayList.java:1596)
... Removed 35 stack frames]]>
    </failure>
  </testcase> <!-- loginExcelTest -->
</testsuite> <!-- LoginTest -->
